Android-Cookbook-Examples/MediaRecorderDemo/build/outputs/logs/manifest-merger-debug-report.txt
-- Merging decision tree log ---
manifest
ADDED from Android-Cookbook-Examples/MediaRecorderDemo/AndroidManifest.xml:2:1-23:12
INJECTED from Android-Cookbook-Examples/MediaRecorderDemo/AndroidManifest.xml:2:1-23:12
INJECTED from Android-Cookbook-Examples/MediaRecorderDemo/AndroidManifest.xml:2:1-23:12
MERGED from [com.android.support:appcompat-v7:28.0.0] AndroidManifest.xml:17:1-22:12
MERGED from [com.android.support:support-fragment:28.0.0] AndroidManifest.xml:17:1-22:12
MERGED from [com.android.support:animated-vector-drawable:28.0.0] AndroidManifest.xml:17:1-22:12
MERGED from [com.android.support:support-core-ui:28.0.0] AndroidManifest.xml:17:1-22:12
MERGED from [com.android.support:support-core-utils:28.0.0] AndroidManifest.xml:17:1-22:12
MERGED from [com.android.support:support-vector-drawable:28.0.0] AndroidManifest.xml:17:1-22:12
MERGED from [com.android.support:loader:28.0.0] AndroidManifest.xml:17:1-22:12
MERGED from [com.android.support:viewpager:28.0.0] AndroidManifest.xml:17:1-22:12
MERGED from [com.android.support:coordinatorlayout:28.0.0] AndroidManifest.xml:17:1-22:12
MERGED from [com.android.support:drawerlayout:28.0.0] AndroidManifest.xml:17:1-22:12
MERGED from [com.android.support:slidingpanelayout:28.0.0] AndroidManifest.xml:17:1-22:12
MERGED from [com.android.support:customview:28.0.0] AndroidManifest.xml:17:1-22:12
MERGED from [com.android.support:swiperefreshlayout:28.0.0] AndroidManifest.xml:17:1-22:12
MERGED from [com.android.support:asynclayoutinflater:28.0.0] AndroidManifest.xml:17:1-22:12
MERGED from [com.android.support:support-compat:28.0.0] AndroidManifest.xml:17:1-24:12
MERGED from [com.android.support:versionedparcelable:28.0.0] AndroidManifest.xml:17:1-25:12
MERGED from [com.android.support:cursoradapter:28.0.0] AndroidManifest.xml:17:1-22:12
MERGED from [android.arch.lifecycle:runtime:1.1.1] AndroidManifest.xml:17:1-22:12
MERGED from [com.android.support:documentfile:28.0.0] AndroidManifest.xml:17:1-22:12
MERGED from [com.android.support:localbroadcastmanager:28.0.0] AndroidManifest.xml:17:1-22:12
MERGED from [com.android.support:print:28.0.0] AndroidManifest.xml:17:1-22:12
MERGED from [android.arch.lifecycle:viewmodel:1.1.1] AndroidManifest.xml:17:1-22:12
MERGED from [android.arch.lifecycle:livedata:1.1.1] AndroidManifest.xml:17:1-22:12
MERGED from [android.arch.lifecycle:livedata-core:1.1.1] AndroidManifest.xml:17:1-22:12
MERGED from [android.arch.core:runtime:1.1.1] AndroidManifest.xml:17:1-22:12
MERGED from [com.android.support:interpolator:28.0.0] AndroidManifest.xml:17:1-22:12
INJECTED from Android-Cookbook-Examples/MediaRecorderDemo/AndroidManifest.xml:2:1-23:12
INJECTED from Android-Cookbook-Examples/MediaRecorderDemo/AndroidManifest.xml:2:1-23:12
	package
		ADDED from Android-Cookbook-Examples/MediaRecorderDemo/AndroidManifest.xml:4:5-40
	android:versionName
		ADDED from Android-Cookbook-Examples/MediaRecorderDemo/AndroidManifest.xml:6:5-30
		INJECTED from Android-Cookbook-Examples/MediaRecorderDemo/AndroidManifest.xml
		INJECTED from Android-Cookbook-Examples/MediaRecorderDemo/AndroidManifest.xml
	xmlns:android
		ADDED from Android-Cookbook-Examples/MediaRecorderDemo/AndroidManifest.xml:3:5-63
	android:versionCode
		ADDED from Android-Cookbook-Examples/MediaRecorderDemo/AndroidManifest.xml:5:5-28
		INJECTED from Android-Cookbook-Examples/MediaRecorderDemo/AndroidManifest.xml
		INJECTED from Android-Cookbook-Examples/MediaRecorderDemo/AndroidManifest.xml
uses-permission#android.permission.CAMERA
ADDED from Android-Cookbook-Examples/MediaRecorderDemo/AndroidManifest.xml:8:5-64
	android:name
		ADDED from Android-Cookbook-Examples/MediaRecorderDemo/AndroidManifest.xml:8:22-62
uses-permission#android.permission.WRITE_EXTERNAL_STORAGE
ADDED from Android-Cookbook-Examples/MediaRecorderDemo/AndroidManifest.xml:9:5-81
	android:name
		ADDED from Android-Cookbook-Examples/MediaRecorderDemo/AndroidManifest.xml:9:22-78
uses-permission#android.permission.RECORD_AUDIO
ADDED from Android-Cookbook-Examples/MediaRecorderDemo/AndroidManifest.xml:10:5-71
	android:name
		ADDED from Android-Cookbook-Examples/MediaRecorderDemo/AndroidManifest.xml:10:22-68
uses-feature#android.hardware.camera.autofocus
ADDED from Android-Cookbook-Examples/MediaRecorderDemo/AndroidManifest.xml:11:5-70
	android:name
		ADDED from Android-Cookbook-Examples/MediaRecorderDemo/AndroidManifest.xml:11:19-67
application
ADDED from Android-Cookbook-Examples/MediaRecorderDemo/AndroidManifest.xml:13:5-22:19
MERGED from [com.android.support:support-compat:28.0.0] AndroidManifest.xml:22:5-94
MERGED from [com.android.support:support-compat:28.0.0] AndroidManifest.xml:22:5-94
MERGED from [com.android.support:versionedparcelable:28.0.0] AndroidManifest.xml:22:5-23:19
MERGED from [com.android.support:versionedparcelable:28.0.0] AndroidManifest.xml:22:5-23:19
	android:appComponentFactory
		ADDED from [com.android.support:support-compat:28.0.0] AndroidManifest.xml:22:18-91
	android:label
		ADDED from Android-Cookbook-Examples/MediaRecorderDemo/AndroidManifest.xml:13:48-80
	android:icon
		ADDED from Android-Cookbook-Examples/MediaRecorderDemo/AndroidManifest.xml:13:18-47
activity#com.marcodinacci.book.acb.MediaRecorderRecipe
ADDED from Android-Cookbook-Examples/MediaRecorderDemo/AndroidManifest.xml:14:9-20:20
	android:label
		ADDED from Android-Cookbook-Examples/MediaRecorderDemo/AndroidManifest.xml:15:19-51
	android:name
		ADDED from Android-Cookbook-Examples/MediaRecorderDemo/AndroidManifest.xml:14:19-53
intent-filter#action:name:android.intent.action.MAIN+category:name:android.intent.category.LAUNCHER
ADDED from Android-Cookbook-Examples/MediaRecorderDemo/AndroidManifest.xml:16:13-19:29
action#android.intent.action.MAIN
ADDED from Android-Cookbook-Examples/MediaRecorderDemo/AndroidManifest.xml:17:17-69
	android:name
		ADDED from Android-Cookbook-Examples/MediaRecorderDemo/AndroidManifest.xml:17:25-66
category#android.intent.category.LAUNCHER
ADDED from Android-Cookbook-Examples/MediaRecorderDemo/AndroidManifest.xml:18:17-77
	android:name
		ADDED from Android-Cookbook-Examples/MediaRecorderDemo/AndroidManifest.xml:18:27-74
uses-sdk
INJECTED from Android-Cookbook-Examples/MediaRecorderDemo/AndroidManifest.xml reason: use-sdk injection requested
INJECTED from Android-Cookbook-Examples/MediaRecorderDemo/AndroidManifest.xml
INJECTED from Android-Cookbook-Examples/MediaRecorderDemo/AndroidManifest.xml
MERGED from [com.android.support:appcompat-v7:28.0.0] AndroidManifest.xml:20:5-44
MERGED from [com.android.support:appcompat-v7:28.0.0] AndroidManifest.xml:20:5-44
MERGED from [com.android.support:support-fragment:28.0.0] AndroidManifest.xml:20:5-44
MERGED from [com.android.support:support-fragment:28.0.0] AndroidManifest.xml:20:5-44
MERGED from [com.android.support:animated-vector-drawable:28.0.0] AndroidManifest.xml:20:5-44
MERGED from [com.android.support:animated-vector-drawable:28.0.0] AndroidManifest.xml:20:5-44
MERGED from [com.android.support:support-core-ui:28.0.0] AndroidManifest.xml:20:5-44
MERGED from [com.android.support:support-core-ui:28.0.0] AndroidManifest.xml:20:5-44
MERGED from [com.android.support:support-core-utils:28.0.0] AndroidManifest.xml:20:5-44
MERGED from [com.android.support:support-core-utils:28.0.0] AndroidManifest.xml:20:5-44
MERGED from [com.android.support:support-vector-drawable:28.0.0] AndroidManifest.xml:20:5-44
MERGED from [com.android.support:support-vector-drawable:28.0.0] AndroidManifest.xml:20:5-44
MERGED from [com.android.support:loader:28.0.0] AndroidManifest.xml:20:5-44
MERGED from [com.android.support:loader:28.0.0] AndroidManifest.xml:20:5-44
MERGED from [com.android.support:viewpager:28.0.0] AndroidManifest.xml:20:5-44
MERGED from [com.android.support:viewpager:28.0.0] AndroidManifest.xml:20:5-44
MERGED from [com.android.support:coordinatorlayout:28.0.0] AndroidManifest.xml:20:5-44
MERGED from [com.android.support:coordinatorlayout:28.0.0] AndroidManifest.xml:20:5-44
MERGED from [com.android.support:drawerlayout:28.0.0] AndroidManifest.xml:20:5-44
MERGED from [com.android.support:drawerlayout:28.0.0] AndroidManifest.xml:20:5-44
MERGED from [com.android.support:slidingpanelayout:28.0.0] AndroidManifest.xml:20:5-44
MERGED from [com.android.support:slidingpanelayout:28.0.0] AndroidManifest.xml:20:5-44
MERGED from [com.android.support:customview:28.0.0] AndroidManifest.xml:20:5-44
MERGED from [com.android.support:customview:28.0.0] AndroidManifest.xml:20:5-44
MERGED from [com.android.support:swiperefreshlayout:28.0.0] AndroidManifest.xml:20:5-44
MERGED from [com.android.support:swiperefreshlayout:28.0.0] AndroidManifest.xml:20:5-44
MERGED from [com.android.support:asynclayoutinflater:28.0.0] AndroidManifest.xml:20:5-44
MERGED from [com.android.support:asynclayoutinflater:28.0.0] AndroidManifest.xml:20:5-44
MERGED from [com.android.support:support-compat:28.0.0] AndroidManifest.xml:20:5-44
MERGED from [com.android.support:support-compat:28.0.0] AndroidManifest.xml:20:5-44
MERGED from [com.android.support:versionedparcelable:28.0.0] AndroidManifest.xml:20:5-44
MERGED from [com.android.support:versionedparcelable:28.0.0] AndroidManifest.xml:20:5-44
MERGED from [com.android.support:cursoradapter:28.0.0] AndroidManifest.xml:20:5-44
MERGED from [com.android.support:cursoradapter:28.0.0] AndroidManifest.xml:20:5-44
MERGED from [android.arch.lifecycle:runtime:1.1.1] AndroidManifest.xml:20:5-44
MERGED from [android.arch.lifecycle:runtime:1.1.1] AndroidManifest.xml:20:5-44
MERGED from [com.android.support:documentfile:28.0.0] AndroidManifest.xml:20:5-44
MERGED from [com.android.support:documentfile:28.0.0] AndroidManifest.xml:20:5-44
MERGED from [com.android.support:localbroadcastmanager:28.0.0] AndroidManifest.xml:20:5-44
MERGED from [com.android.support:localbroadcastmanager:28.0.0] AndroidManifest.xml:20:5-44
MERGED from [com.android.support:print:28.0.0] AndroidManifest.xml:20:5-44
MERGED from [com.android.support:print:28.0.0] AndroidManifest.xml:20:5-44
MERGED from [android.arch.lifecycle:viewmodel:1.1.1] AndroidManifest.xml:20:5-44
MERGED from [android.arch.lifecycle:viewmodel:1.1.1] AndroidManifest.xml:20:5-44
MERGED from [android.arch.lifecycle:livedata:1.1.1] AndroidManifest.xml:20:5-44
MERGED from [android.arch.lifecycle:livedata:1.1.1] AndroidManifest.xml:20:5-44
MERGED from [android.arch.lifecycle:livedata-core:1.1.1] AndroidManifest.xml:20:5-44
MERGED from [android.arch.lifecycle:livedata-core:1.1.1] AndroidManifest.xml:20:5-44
MERGED from [android.arch.core:runtime:1.1.1] AndroidManifest.xml:20:5-44
MERGED from [android.arch.core:runtime:1.1.1] AndroidManifest.xml:20:5-44
MERGED from [com.android.support:interpolator:28.0.0] AndroidManifest.xml:20:5-44
MERGED from [com.android.support:interpolator:28.0.0] AndroidManifest.xml:20:5-44
INJECTED from Android-Cookbook-Examples/MediaRecorderDemo/AndroidManifest.xml
INJECTED from Android-Cookbook-Examples/MediaRecorderDemo/AndroidManifest.xml
	android:targetSdkVersion
		INJECTED from Android-Cookbook-Examples/MediaRecorderDemo/AndroidManifest.xml
		ADDED from Android-Cookbook-Examples/MediaRecorderDemo/AndroidManifest.xml
		INJECTED from Android-Cookbook-Examples/MediaRecorderDemo/AndroidManifest.xml
	android:minSdkVersion
		INJECTED from Android-Cookbook-Examples/MediaRecorderDemo/AndroidManifest.xml
		ADDED from Android-Cookbook-Examples/MediaRecorderDemo/AndroidManifest.xml
		INJECTED from Android-Cookbook-Examples/MediaRecorderDemo/AndroidManifest.xml